+--------+--------+--------+--------+--------+--------+--------+--------+--------+--------+--------+--------+--------+--------+--------+--------+--------+--------+--------+--------+--------+--------+
| CYCLE  | FETCH  | DECODE | EXECUT | MEMORY | WRITE  |   r0   |   r1   |   r2   |   r3   |   r4   |   r5   |   r6   |   r7   |   r8   |   r9   |  r10   |  r11   |  r12   |  r13   |   sp   |   ra   |
+--------+--------+--------+--------+--------+--------+--------+--------+--------+--------+--------+--------+--------+--------+--------+--------+--------+--------+--------+--------+--------+--------+
|      1 | I1     |  ....  |  ....  |  ....  |  ....  |       0|       0|       0|       0|       0|       0|       0|       0|       0|       0|       0|       0|       0|       0|   186a0|       0|
|      2 | I2     | I1     |  ....  |  ....  |  ....  |       0|       0|       0|       0|       0|       0|       0|       0|       0|       0|       0|       0|       0|       0|   186a0|       0|
|      3 | I3     | I2     | I1     |  ....  |  ....  |       0|       0|       0|       0|       0|       0|       0|       0|       0|       0|       0|       0|       0|       0|   186a0|       0|
|      4 | I90    |  ....  |  ....  | I1     |  ....  |       0|       0|       0|       0|       0|       0|       0|       0|       0|       0|       0|       0|       0|       0|   186a0|       0|
|      5 | I91    | I90    |  ....  |  ....  | I1     |       0|       0|       0|       0|       0|       0|       0|       0|       0|       0|       0|       0|       0|       0|   186a0|       0|
|      6 | I92    | I91    | I90    |  ....  |  ....  |       0|       0|       0|       0|       0|       0|       0|       0|       0|       0|       0|       0|       0|       0|   186a0|       0|
|      7 | I3     |  ....  |  ....  | I90    |  ....  |       0|       0|       0|       0|       0|       0|       0|       0|       0|       0|       0|       0|       0|       0|   186a0|       0|
|      8 | I4     | I3     |  ....  |  ....  | I90    |       0|       0|       0|       0|       0|       0|       0|       0|       0|       0|       0|       0|       0|       0|   186a0|       0|
|      9 | I5     | I4     | I3     |  ....  |  ....  |       0|       0|       0|       0|       0|       8|       0|       0|       0|       0|       0|       0|       0|       0|   186a0|       0|
|     10 | I47    |  ....  |  ....  | I3     |  ....  |       0|       0|       0|       0|       0|       8|       0|       0|       0|       0|       0|       0|       0|       0|   186a0|       0|
|     11 | I48    | I47    |  ....  |  ....  | I3     |       0|       0|       0|       0|       0|       8|       0|       0|       0|       0|       0|       0|       0|       0|   186a0|       0|
|     12 | I49    | I48    | I47    |  ....  |  ....  |       0|       0|       0|       0|       0|       8|       0|       0|       0|       0|       0|       0|       0|       0|   186a0|       0|
|     13 | I50    | I49    | I48    | I47    |  ....  |       0|       0|       0|       0|       0|       8|       0|       0|       0|       0|       0|       0|       0|       0|   186a0|       0|
|     14 | I50    | I49    |  ....  | I48    | I47    |       0|       0|       0|       0|       0|       8|       0|       0|       0|       0|       0|       0|       0|       0|   186a0|       0|
|     15 | I50    | I49    |  ....  |  ....  | I48    |       0|       0|       0|       0|       0|       8|       0|       0|       0|       0|       0|       0|       0|       0|   186a0|       0|
|     16 | I50    | I49    |  ....  |  ....  |  ....  |       0|       0|       0|       0|       0|       8|       0|       0|       0|       0|       0|       0|       0|       0|    fffc|       0|
|     17 | I51    | I50    | I49    |  ....  |  ....  |       0|       0|       0|       0|       0|       8|       0|       0|       0|       0|       0|       0|       0|       0|    fffc|       0|
|     18 | I52    | I51    | I50    | I49    |  ....  |       0|       0|       0|       0|       0|       8|       0|       0|       0|       0|       0|       0|       0|       0|    fffc|       0|
|     19 | I53    | I52    | I51    | I50    | I49    |       0|       0|       0|       0|       0|       8|       0|       0|       0|       0|       0|       0|       0|       0|    fffc|       0|
|     20 | I54    | I53    | I52    | I51    | I50    |       0|       0|       0|       0|       0|       8|       0|       0|       0|       0|       0|       0|       0|       0|    fffc|       0|
|     21 | I55    | I54    | I53    | I52    | I51    |       0|       0|       0|       0|       0|       8|       0|       0|       0|       0|       0|       0|       0|       0|    fffc|       0|
|     22 | I56    | I55    | I54    | I53    | I52    |       0|       0|       0|       0|       0|       8|       0|       0|       0|       0|       0|       0|       0|       0|    fffc|       0|
|     23 | I57    | I56    | I55    | I54    | I53    |       0|       0|       0|       0|       0|       8|       0|       0|       0|       0|       0|       0|       0|       0|    fffc|       0|
|     24 | I58    | I57    | I56    | I55    | I54    |       0|       0|       0|       0|       0|       8|       0|       0|       0|       0|       0|       0|       0|       0|    fffc|       0|
|     25 | I59    | I58    | I57    | I56    | I55    |       0|       0|       0|       0|       0|       8|       0|       0|       0|       0|       0|       0|       0|       0|    fffc|       0|
|     26 | I60    | I59    | I58    | I57    | I56    |       0|       0|       0|       0|       0|       8|       0|       0|       0|       0|       0|       0|       0|       0|    fffc|       0|
|     27 | I61    | I60    | I59    | I58    | I57    |       0|       0|       0|       0|       0|       8|       0|       0|       0|       0|       0|       0|       0|       0|    fffc|       0|
|     28 | I62    | I61    | I60    | I59    | I58    |       0|       0|       0|       0|       0|       8|       0|       0|       0|       0|       0|       0|       0|       0|    fffc|       0|
|     29 | I63    | I62    | I61    | I60    | I59    |       0|       0|       0|       0|       0|       8|       0|       0|       0|       0|       0|       0|       0|       0|    fffc|       0|
|     30 | I64    | I63    | I62    | I61    | I60    |       0|       0|       0|       0|       0|       8|       0|       0|       0|       0|       0|       0|       0|       0|    fffc|       0|
|     31 | I65    | I64    | I63    | I62    | I61    |       0|       0|       0|       0|       0|       8|       0|       0|       0|       0|       0|       0|       0|       0|    fffc|       0|
|     32 | I66    | I65    | I64    | I63    | I62    |       0|       0|       0|       0|       0|       8|       0|       0|       0|       0|       0|       0|       0|       0|    fffc|       0|
|     33 | I66    | I65    |  ....  | I64    | I63    |       0|       0|       0|       0|       0|       8|       0|       0|       0|       0|       0|       0|       0|       0|    fffc|       0|
|     34 | I66    | I65    |  ....  |  ....  | I64    |       0|       0|       0|       0|       0|       8|       0|       0|       0|       0|       0|       0|       0|       0|    fffc|       0|
|     35 | I66    | I65    |  ....  |  ....  |  ....  |       0|       0|       0|       0|       0|       8|       0|       0|       0|       0|       0|       0|       0|       0|    fffc|       0|
|     36 | I67    | I66    | I65    |  ....  |  ....  |       0|       0|       0|       0|       0|       8|       0|       0|       0|       0|       0|       0|       0|       0|    fffc|       0|
|     37 | I68    | I67    | I66    | I65    |  ....  |       0|       0|       0|       0|       0|       8|       0|       0|       0|       0|       0|       0|       0|       0|    fffc|       0|
|     38 | I68    | I67    |  ....  | I66    | I65    |       0|       0|       0|       0|       0|       8|       0|       0|       0|       0|       0|       0|       0|       0|    fffc|       0|
|     39 | I68    | I67    |  ....  |  ....  | I66    |       0|       0|       0|       0|       0|       8|       0|       0|       0|       0|       0|       0|       0|       0|    fffc|       0|
|     40 | I68    | I67    |  ....  |  ....  |  ....  |       0|       0|       0|       0|       0|       8|       0|       0|       0|       0|       0|       0|       0|       0|    fffc|       0|
|     41 | I69    | I68    | I67    |  ....  |  ....  |       0|       0|       0|       0|       0|       8|       0|       0|       0|       0|       0|       0|       0|       0|    fffc|       0|
|     42 | I70    | I69    | I68    | I67    |  ....  |       0|       0|       0|       0|       0|       8|       0|       0|       0|       0|       0|       0|       0|       0|    fffc|       0|
|     43 | I70    | I69    |  ....  | I68    | I67    |       0|       0|       0|       0|       0|       8|       0|       0|       0|       0|       0|       0|       0|       0|    fffc|       0|
|     44 | I70    | I69    |  ....  |  ....  | I68    |       0|       0|       0|       0|       0|       8|       0|       0|       0|       0|       0|       0|       0|       0|    fffc|       0|
|     45 | I70    | I69    |  ....  |  ....  |  ....  |       0|       0|       0|       0|       0|       8|       0|       0|       0|       0|       0|       0|       0|       0|    fffc|       0|
|     46 | I71    | I70    | I69    |  ....  |  ....  |       0|       0|       0|       0|       0|       8|       0|       0|       0|       0|       0|       0|       0|       0|    fffc|       0|
|     47 | I72    | I71    | I70    | I69    |  ....  |       0|       0|       0|       0|       0|       8|       0|       0|       0|       0|       0|       0|       0|       0|    fffc|       0|
|     48 | I72    | I71    |  ....  | I70    | I69    |       0|       0|       0|       0|       0|       8|       0|       0|       0|       0|       0|       0|       0|       0|    fffc|       0|
|     49 | I72    | I71    |  ....  |  ....  | I70    |       0|       0|       0|       0|       0|       8|       0|       0|       0|       0|       0|       0|       0|       0|    fffc|       0|
|     50 | I72    | I71    |  ....  |  ....  |  ....  |       0|       0|       0|       0|       0|       8|       0|       0|       0|       0|       0|       0|       0|       0|    ffb4|       0|
|     51 | I73    | I72    | I71    |  ....  |  ....  |       0|       0|       0|       0|       0|       8|       0|       0|       0|       0|       0|       0|       0|       0|    ffb4|       0|
|     52 | I73    | I72    |  ....  | I71    |  ....  |       0|       0|       0|       0|       0|       8|       0|       0|       0|       0|       0|       0|       0|       0|    ffb4|       0|
|     53 | I73    | I72    |  ....  |  ....  | I71    |       0|       0|       0|       0|       0|       8|       0|       0|       0|       0|       0|       0|       0|       0|    ffb4|       0|
|     54 | I73    | I72    |  ....  |  ....  |  ....  |       0|       0|       0|       0|       0|       8|       0|       0|       0|       0|       0|       0|       0|       0|    fffc|       0|
|     55 | I74    | I73    | I72    |  ....  |  ....  |       0|       0|       0|       0|       0|       8|       0|       0|       0|       0|       0|       0|       0|       0|    fffc|       0|
|     56 | I75    | I74    | I73    | I72    |  ....  |       0|       0|       0|       0|       0|       8|       0|       0|       0|       0|       0|       0|       0|       0|    fffc|       0|
|     57 | I76    | I75    | I74    | I73    | I72    |       0|       0|       0|       0|       0|       8|       0|       0|       0|       0|       0|       0|       0|       0|    fffc|       0|
|     58 | I77    | I76    | I75    | I74    | I73    |       0|       0|       0|       0|       0|       8|       0|       0|       0|       0|       0|       0|       0|       0|    fffc|       0|
|     59 | I78    | I77    | I76    | I75    | I74    |       0|       0|       0|       0|       0|       8|       0|       0|       0|       0|       0|       0|       0|       0|    fffc|       0|
|     60 | I79    | I78    | I77    | I76    | I75    |       0|       0|       0|       0|       0|       8|       0|       0|       0|       0|       0|       0|       0|       0|    fffc|       0|
|     61 | I80    | I79    | I78    | I77    | I76    |       0|       0|       0|       0|       0|       8|       0|       0|       0|       0|       0|       0|       0|       0|    fffc|       0|
|     62 | I81    | I80    | I79    | I78    | I77    |       0|       0|       0|       0|       0|       8|       0|       0|       0|       0|       0|       0|       0|       0|    fffc|       0|
|     63 | I82    | I81    | I80    | I79    | I78    |       0|       0|       0|       0|       0|       8|       0|       0|       0|       0|       0|       0|       0|       0|    fffc|       0|
|     64 | I83    | I82    | I81    | I80    | I79    |       0|       0|       0|       0|       0|       8|       0|       0|       0|       0|       0|       0|       0|       0|    fffc|       0|
|     65 | I84    | I83    | I82    | I81    | I80    |       0|       0|       0|       0|       0|       8|       0|       0|       0|       0|       0|       0|       0|       0|    fffc|       0|
|     66 | I85    | I84    | I83    | I82    | I81    |       0|       0|       0|       0|       0|       8|       0|       0|       0|       0|       0|       0|       0|       0|    fffc|       0|
|     67 | I86    | I85    | I84    | I83    | I82    |       0|       0|       0|       0|       0|       8|       0|       0|       0|       0|       0|       0|       0|       0|    fffc|       0|
|     68 | I87    | I86    | I85    | I84    | I83    |       0|       0|       0|       0|       0|       8|       0|       0|       0|       0|       0|       0|       0|       0|    fffc|       0|
|     69 | I88    | I87    | I86    | I85    | I84    |       0|       0|       0|       0|       0|       8|       0|       0|       0|       0|       0|       0|       0|       0|    fffc|       0|
|     70 | I89    | I88    | I87    | I86    | I85    |       0|       0|       0|       0|       0|       8|       0|       0|       0|       0|       0|       0|       0|       0|    fffc|       0|
|     71 | I90    | I89    | I88    | I87    | I86    |       0|       0|       0|       0|       0|       8|       0|       0|       0|       0|       0|       0|       0|       0|    fffc|       0|
|     72 | I91    | I90    | I89    | I88    | I87    |       0|       0|       0|       0|       0|       8|       0|       0|       0|       0|       0|       0|       0|       0|    fffc|       0|
|     73 | I91    |  ....  |  ....  | I89    | I88    |       0|       0|       0|       0|       0|       8|       0|       0|       0|       0|       0|       0|       0|       0|    fffc|       0|
|     74 | I92    | I91    |  ....  |  ....  | I89    |       0|       0|       0|       0|       0|       8|       0|       0|       0|       0|       0|       0|       0|       0|       0|       0|
|     75 | I93    | I92    | I91    |  ....  |  ....  |       0|       0|       0|       0|       0|       8|       0|       0|       0|       0|       0|       0|       0|       0|       0|       0|
|     76 | I93    | I92    |  ....  | I91    |  ....  |       0|       0|       0|       0|       0|       8|       0|       0|       0|       0|       0|       0|       0|       0|       0|       0|
|     77 | I93    | I92    |  ....  |  ....  | I91    |       0|       0|       0|       0|       0|       8|       0|       0|       0|       0|       0|       0|       0|       0|       0|       0|
|     78 | I93    | I92    |  ....  |  ....  |  ....  |       0|       0|       0|       0|       9|       8|       0|       0|       0|       0|       0|       0|       0|       0|       0|       0|
|     79 | I94    | I93    | I92    |  ....  |  ....  |       0|       0|       0|       0|       9|       8|       0|       0|       0|       0|       0|       0|       0|       0|       0|       0|
|     80 | I2     |  ....  |  ....  | I92    |  ....  |       0|       0|       0|       0|       9|       8|       0|       0|       0|       0|       0|       0|       0|       0|       0|       0|
|     81 | I3     | I2     |  ....  |  ....  | I92    |       0|       0|       0|       0|       9|       8|       0|       0|       0|       0|       0|       0|       0|       0|       0|       0|
|     82 | I4     | I3     | I2     |  ....  |  ....  |       0|       0|       0|       0|       0|       8|       0|       0|       0|       0|       0|       0|       0|       0|       0|       0|
|     83 | I4     |  ....  |  ....  | I2     |  ....  |       0|       0|       0|       0|       0|       8|       0|       0|       0|       0|       0|       0|       0|       0|       0|       0|
|     84 | I5     | I4     |  ....  |  ....  | I2     |       0|       0|       0|       0|       0|       8|       0|       0|       0|       0|       0|       0|       0|       0|       0|       0|
|     85 | I6     | I5     | I4     |  ....  |  ....  |       0|       0|       0|       0|       0|       8|       0|       0|       0|       0|       0|       0|       0|       0|       0|       0|
|     86 | I7     | I6     | I5     | I4     |  ....  |       0|       0|       0|       0|       0|       8|       0|       0|       0|       0|       0|       0|       0|       0|       0|       0|
|     87 | I7     | I6     |  ....  | I5     | I4     |       0|       0|       0|       0|       0|       8|       0|       0|       0|       0|       0|       0|       0|       0|       0|       0|
|     88 | I7     | I6     |  ....  |  ....  | I5     |       0|       0|       0|       0|       0|       8|       0|       0|       0|       0|       0|       0|       0|       0|       0|       0|
|     89 | I7     | I6     |  ....  |  ....  |  ....  |       0|       0|       0|       0|       0|       8|       0|       0|       0|       0|       0|       0|       0|       0|    fffc|       0|
|     90 | I8     | I7     | I6     |  ....  |  ....  |       0|       0|       0|       0|       0|       8|       0|       0|       0|       0|       0|       0|       0|       0|    fffc|       0|
|     91 | I9     | I8     | I7     | I6     |  ....  |       0|       0|       0|       0|       0|       8|       0|       0|       0|       0|       0|       0|       0|       0|    fffc|       0|
|     92 | I10    | I9     | I8     | I7     | I6     |       0|       0|       0|       0|       0|       8|       0|       0|       0|       0|       0|       0|       0|       0|    fffc|       0|
|     93 | I11    | I10    | I9     | I8     | I7     |       0|       0|       0|       0|       0|       8|       0|       0|       0|       0|       0|       0|       0|       0|    fffc|       0|
|     94 | I12    | I11    | I10    | I9     | I8     |       0|       0|       0|       0|       0|       8|       0|       0|       0|       0|       0|       0|       0|       0|    fffc|       0|
|     95 | I13    | I12    | I11    | I10    | I9     |       0|       0|       0|       0|       0|       8|       0|       0|       0|       0|       0|       0|       0|       0|    fffc|       0|
|     96 | I14    | I13    | I12    | I11    | I10    |       0|       0|       0|       0|       0|       8|       0|       0|       0|       0|       0|       0|       0|       0|    fffc|       0|
|     97 | I15    | I14    | I13    | I12    | I11    |       0|       0|       0|       0|       0|       8|       0|       0|       0|       0|       0|       0|       0|       0|    fffc|       0|
|     98 | I16    | I15    | I14    | I13    | I12    |       0|       0|       0|       0|       0|       8|       0|       0|       0|       0|       0|       0|       0|       0|    fffc|       0|
|     99 | I17    | I16    | I15    | I14    | I13    |       0|       0|       0|       0|       0|       8|       0|       0|       0|       0|       0|       0|       0|       0|    fffc|       0|
|    100 | I18    | I17    | I16    | I15    | I14    |       0|       0|       0|       0|       0|       8|       0|       0|       0|       0|       0|       0|       0|       0|    fffc|       0|
|    101 | I19    | I18    | I17    | I16    | I15    |       0|       0|       0|       0|       0|       8|       0|       0|       0|       0|       0|       0|       0|       0|    fffc|       0|
|    102 | I20    | I19    | I18    | I17    | I16    |       0|       0|       0|       0|       0|       8|       0|       0|       0|       0|       0|       0|       0|       0|    fffc|       0|
|    103 | I21    | I20    | I19    | I18    | I17    |       0|       0|       0|       0|       0|       8|       0|       0|       0|       0|       0|       0|       0|       0|    fffc|       0|
|    104 | I22    | I21    | I20    | I19    | I18    |       0|       0|       0|       0|       0|       8|       0|       0|       0|       0|       0|       0|       0|       0|    fffc|       0|
|    105 | I23    | I22    | I21    | I20    | I19    |       0|       0|       0|       0|       0|       8|       0|       0|       0|       0|       0|       0|       0|       0|    fffc|       0|
|    106 | I23    | I22    |  ....  | I21    | I20    |       0|       0|       0|       0|       0|       8|       0|       0|       0|       0|       0|       0|       0|       0|    fffc|       0|
|    107 | I23    | I22    |  ....  |  ....  | I21    |       0|       0|       0|       0|       0|       8|       0|       0|       0|       0|       0|       0|       0|       0|    fffc|       0|
|    108 | I23    | I22    |  ....  |  ....  |  ....  |       0|       0|       0|       0|       0|       8|       0|       0|       0|       0|       0|       0|       0|       0|    fffc|       0|
|    109 | I24    | I23    | I22    |  ....  |  ....  |       0|       0|       0|       0|       0|       8|       0|       0|       0|       0|       0|       0|       0|       0|    fffc|       0|
|    110 | I25    | I24    | I23    | I22    |  ....  |       0|       0|       0|       0|       0|       8|       0|       0|       0|       0|       0|       0|       0|       0|    fffc|       0|
|    111 | I25    | I24    |  ....  | I23    | I22    |       0|       0|       0|       0|       0|       8|       0|       0|       0|       0|       0|       0|       0|       0|    fffc|       0|
|    112 | I25    | I24    |  ....  |  ....  | I23    |       0|       0|       0|       0|       0|       8|       0|       0|       0|       0|       0|       0|       0|       0|    fffc|       0|
|    113 | I25    | I24    |  ....  |  ....  |  ....  |       0|       0|       0|       0|       0|       8|       0|       0|       0|       0|       0|       0|       0|       0|    fffc|       0|
|    114 | I26    | I25    | I24    |  ....  |  ....  |       0|       0|       0|       0|       0|       8|       0|       0|       0|       0|       0|       0|       0|       0|    fffc|       0|
|    115 | I27    | I26    | I25    | I24    |  ....  |       0|       0|       0|       0|       0|       8|       0|       0|       0|       0|       0|       0|       0|       0|    fffc|       0|
|    116 | I27    | I26    |  ....  | I25    | I24    |       0|       0|       0|       0|       0|       8|       0|       0|       0|       0|       0|       0|       0|       0|    fffc|       0|
|    117 | I27    | I26    |  ....  |  ....  | I25    |       0|       0|       0|       0|       0|       8|       0|       0|       0|       0|       0|       0|       0|       0|    fffc|       0|
|    118 | I27    | I26    |  ....  |  ....  |  ....  |       0|       0|       0|       0|       0|       8|       0|       0|       0|       0|       0|       0|       0|       0|    fffc|       0|
|    119 | I28    | I27    | I26    |  ....  |  ....  |       0|       0|       0|       0|       0|       8|       0|       0|       0|       0|       0|       0|       0|       0|    fffc|       0|
|    120 | I29    | I28    | I27    | I26    |  ....  |       0|       0|       0|       0|       0|       8|       0|       0|       0|       0|       0|       0|       0|       0|    fffc|       0|
|    121 | I29    | I28    |  ....  | I27    | I26    |       0|       0|       0|       0|       0|       8|       0|       0|       0|       0|       0|       0|       0|       0|    fffc|       0|
|    122 | I29    | I28    |  ....  |  ....  | I27    |       0|       0|       0|       0|       0|       8|       0|       0|       0|       0|       0|       0|       0|       0|    fffc|       0|
|    123 | I29    | I28    |  ....  |  ....  |  ....  |       0|       0|       0|       0|       0|       8|       0|       0|       0|       0|       0|       0|       0|       0|    ffb4|       0|
|    124 | I30    | I29    | I28    |  ....  |  ....  |       0|       0|       0|       0|       0|       8|       0|       0|       0|       0|       0|       0|       0|       0|    ffb4|       0|
|    125 | I30    | I29    |  ....  | I28    |  ....  |       0|       0|       0|       0|       0|       8|       0|       0|       0|       0|       0|       0|       0|       0|    ffb4|       0|
|    126 | I30    | I29    |  ....  |  ....  | I28    |       0|       0|       0|       0|       0|       8|       0|       0|       0|       0|       0|       0|       0|       0|    ffb4|       0|
|    127 | I30    | I29    |  ....  |  ....  |  ....  |       0|       0|       0|       0|       0|       8|       0|       0|       0|       0|       0|       0|       0|       0|    fffc|       0|
|    128 | I31    | I30    | I29    |  ....  |  ....  |       0|       0|       0|       0|       0|       8|       0|       0|       0|       0|       0|       0|       0|       0|    fffc|       0|
|    129 | I32    | I31    | I30    | I29    |  ....  |       0|       0|       0|       0|       0|       8|       0|       0|       0|       0|       0|       0|       0|       0|    fffc|       0|
|    130 | I33    | I32    | I31    | I30    | I29    |       0|       0|       0|       0|       0|       8|       0|       0|       0|       0|       0|       0|       0|       0|    fffc|       0|
|    131 | I34    | I33    | I32    | I31    | I30    |       0|       0|       0|       0|       0|       8|       0|       0|       0|       0|       0|       0|       0|       0|    fffc|       0|
|    132 | I35    | I34    | I33    | I32    | I31    |       0|       0|       0|       0|       0|       8|       0|       0|       0|       0|       0|       0|       0|       0|    fffc|       0|
|    133 | I36    | I35    | I34    | I33    | I32    |       0|       0|       0|       0|       0|       8|       0|       0|       0|       0|       0|       0|       0|       0|    fffc|       0|
|    134 | I37    | I36    | I35    | I34    | I33    |       0|       0|       0|       0|       0|       8|       0|       0|       0|       0|       0|       0|       0|       0|    fffc|       0|
|    135 | I38    | I37    | I36    | I35    | I34    |       0|       0|       0|       0|       0|       8|       0|       0|       0|       0|       0|       0|       0|       0|    fffc|       0|
|    136 | I39    | I38    | I37    | I36    | I35    |       0|       0|       0|       0|       0|       8|       0|       0|       0|       0|       0|       0|       0|       0|    fffc|       0|
|    137 | I40    | I39    | I38    | I37    | I36    |       0|       0|       0|       0|       0|       8|       0|       0|       0|       0|       0|       0|       0|       0|    fffc|       0|
|    138 | I41    | I40    | I39    | I38    | I37    |       0|       0|       0|       0|       0|       8|       0|       0|       0|       0|       0|       0|       0|       0|    fffc|       0|
|    139 | I42    | I41    | I40    | I39    | I38    |       0|       0|       0|       0|       0|       8|       0|       0|       0|       0|       0|       0|       0|       0|    fffc|       0|
|    140 | I43    | I42    | I41    | I40    | I39    |       0|       0|       0|       0|       0|       8|       0|       0|       0|       0|       0|       0|       0|       0|    fffc|       0|
|    141 | I44    | I43    | I42    | I41    | I40    |       0|       0|       0|       0|       0|       8|       0|       0|       0|       0|       0|       0|       0|       0|    fffc|       0|
|    142 | I45    | I44    | I43    | I42    | I41    |       0|       0|       0|       0|       0|       8|       0|       0|       0|       0|       0|       0|       0|       0|    fffc|       0|
|    143 | I46    | I45    | I44    | I43    | I42    |       0|       0|       0|       0|       0|       8|       0|       0|       0|       0|       0|       0|       0|       0|    fffc|       0|
|    144 | I47    | I46    | I45    | I44    | I43    |       0|       0|       0|       0|       0|       8|       0|       0|       0|       0|       0|       0|       0|       0|    fffc|       0|
|    145 | I48    | I47    | I46    | I45    | I44    |       0|       0|       0|       0|       0|       8|       0|       0|       0|       0|       0|       0|       0|       0|    fffc|       0|
|    146 | I93    |  ....  |  ....  | I46    | I45    |       0|       0|       0|       0|       0|       8|       0|       0|       0|       0|       0|       0|       0|       0|    fffc|       0|
|    147 | I94    | I93    |  ....  |  ....  | I46    |       0|       0|       0|       0|       0|       8|       0|       0|       0|       0|       0|       0|       0|       0|       0|       0|
|    148 | I95    | I94    | I93    |  ....  |  ....  |       0|       0|       0|       0|       0|       8|       0|       0|       0|       0|       0|       0|       0|       0|       0|       0|
|    149 | I96    | I95    | I94    | I93    |  ....  |       0|       0|       0|       0|       0|       8|       0|       0|       0|       0|       0|       0|       0|       0|       0|       0|
|    150 | I97    | I96    | I95    | I94    | I93    |       0|       0|       0|       0|       0|       8|       0|       0|       0|       0|       0|       0|       0|       0|       0|       0|
|    151 | I97    | I96    |  ....  | I95    | I94    |       0|       0|       0|       0|       0|       8|       8|       0|       0|       0|       0|       0|       0|       0|       0|       0|
|    152 | I97    | I96    |  ....  |  ....  | I95    |       0|       0|       0|       a|       0|       8|       8|       0|       0|       0|       0|       0|       0|       0|       0|       0|
|    153 | I98    | I97    | I96    |  ....  |  ....  |       0|       0|       0|       a|       0|       8|       8|       8|       0|       0|       0|       0|       0|       0|       0|       0|
|    154 | I99    | I98    | I97    | I96    |  ....  |       0|       0|       0|       a|       0|       8|       8|       8|       0|       0|       0|       0|       0|       0|       0|       0|
|    155 | I99    | I98    |  ....  | I97    | I96    |       0|       0|       0|       a|       0|       8|       8|       8|       0|       0|       0|       0|       0|       0|       0|       0|
|    156 | I99    | I98    |  ....  |  ....  | I97    |       0|       0|       0|       a|       0|       8|       8|      12|       0|       0|       0|       0|       0|       0|       0|       0|
|    157 | I99    | I98    |  ....  |  ....  |  ....  |       0|  140000|       0|       a|       0|       8|       8|      12|       0|       0|       0|       0|       0|       0|       0|       0|
|    158 |  ....  | I99    | I98    |  ....  |  ....  |       0|  140000|       0|       a|       0|       8|       8|      12|       0|       0|       0|       0|       0|       0|       0|       0|
|    159 | I2     |  ....  |  ....  | I98    |  ....  |       0|  140000|       0|       a|       0|       8|       8|      12|       0|       0|       0|       0|       0|       0|       0|       0|
|    160 | I3     | I2     |  ....  |  ....  | I98    |       0|  140000|       0|       a|       0|       8|       8|      12|       0|       0|       0|       0|       0|       0|       0|       0|
|    161 | I4     | I3     | I2     |  ....  |  ....  |       0|  140000|       0|       a|       0|       8|       8|fdcc8400|       0|       0|       0|       0|       0|       0|       0|       0|
|    162 | I4     |  ....  |  ....  | I2     |  ....  |       0|  140000|       0|       a|       0|       8|       8|fdcc8400|       0|       0|       0|       0|       0|       0|       0|       0|
|    163 | I5     | I4     |  ....  |  ....  | I2     |       0|  140000|       0|       a|       0|       8|       8|fdcc8400|       0|       0|       0|       0|       0|       0|       0|       0|
|    164 | I6     | I5     | I4     |  ....  |  ....  |       0|  140000|       0|       a|       0|       8|       8|fdcc8400|       0|       0|       0|       0|       0|       0|       0|       0|
|    165 | I7     | I6     | I5     | I4     |  ....  |       0|  140000|       0|       a|       0|       8|       8|fdcc8400|       0|       0|       0|       0|       0|       0|       0|       0|
|    166 | I7     | I6     |  ....  | I5     | I4     |       0|  140000|       0|       a|       0|       8|       8|fdcc8400|       0|       0|       0|       0|       0|       0|       0|       0|
|    167 | I7     | I6     |  ....  |  ....  | I5     |       0|  140000|       0|       a|       0|       8|       8|fdcc8400|       0|       0|       0|       0|       0|       0|       0|       0|
|    168 | I7     | I6     |  ....  |  ....  |  ....  |       0|  140000|       0|       a|       0|       8|       8|fdcc8400|       0|       0|       0|       0|       0|       0|    fffc|       0|
|    169 | I8     | I7     | I6     |  ....  |  ....  |       0|  140000|       0|       a|       0|       8|       8|fdcc8400|       0|       0|       0|       0|       0|       0|    fffc|       0|
|    170 | I9     | I8     | I7     | I6     |  ....  |       0|  140000|       0|       a|       0|       8|       8|fdcc8400|       0|       0|       0|       0|       0|       0|    fffc|       0|
|    171 | I10    | I9     | I8     | I7     | I6     |       0|  140000|       0|       a|       0|       8|       8|fdcc8400|       0|       0|       0|       0|       0|       0|    fffc|       0|
|    172 | I11    | I10    | I9     | I8     | I7     |       0|  140000|       0|       a|       0|       8|       8|fdcc8400|       0|       0|       0|       0|       0|       0|    fffc|       0|
|    173 | I12    | I11    | I10    | I9     | I8     |       0|  140000|       0|       a|       0|       8|       8|fdcc8400|       0|       0|       0|       0|       0|       0|    fffc|       0|
|    174 | I13    | I12    | I11    | I10    | I9     |       0|  140000|       0|       a|       0|       8|       8|fdcc8400|       0|       0|       0|       0|       0|       0|    fffc|       0|
|    175 | I14    | I13    | I12    | I11    | I10    |       0|  140000|       0|       a|       0|       8|       8|fdcc8400|       0|       0|       0|       0|       0|       0|    fffc|       0|
|    176 | I15    | I14    | I13    | I12    | I11    |       0|  140000|       0|       a|       0|       8|       8|fdcc8400|       0|       0|       0|       0|       0|       0|    fffc|       0|
|    177 | I16    | I15    | I14    | I13    | I12    |       0|  140000|       0|       a|       0|       8|       8|fdcc8400|       0|       0|       0|       0|       0|       0|    fffc|       0|
|    178 | I17    | I16    | I15    | I14    | I13    |       0|  140000|       0|       a|       0|       8|       8|fdcc8400|       0|       0|       0|       0|       0|       0|    fffc|       0|
|    179 | I18    | I17    | I16    | I15    | I14    |       0|  140000|       0|       a|       0|       8|       8|fdcc8400|       0|       0|       0|       0|       0|       0|    fffc|       0|
|    180 | I19    | I18    | I17    | I16    | I15    |       0|  140000|       0|       a|       0|       8|       8|fdcc8400|       0|       0|       0|       0|       0|       0|    fffc|       0|
|    181 | I20    | I19    | I18    | I17    | I16    |       0|  140000|       0|       a|       0|       8|       8|fdcc8400|       0|       0|       0|       0|       0|       0|    fffc|       0|
|    182 | I21    | I20    | I19    | I18    | I17    |       0|  140000|       0|       a|       0|       8|       8|fdcc8400|       0|       0|       0|       0|       0|       0|    fffc|       0|
|    183 | I22    | I21    | I20    | I19    | I18    |       0|  140000|       0|       a|       0|       8|       8|fdcc8400|       0|       0|       0|       0|       0|       0|    fffc|       0|
|    184 | I23    | I22    | I21    | I20    | I19    |       0|  140000|       0|       a|       0|       8|       8|fdcc8400|       0|       0|       0|       0|       0|       0|    fffc|       0|
|    185 | I23    | I22    |  ....  | I21    | I20    |       0|  140000|       0|       a|       0|       8|       8|fdcc8400|       0|       0|       0|       0|       0|       0|    fffc|       0|
|    186 | I23    | I22    |  ....  |  ....  | I21    |       0|  140000|       0|       a|       0|       8|       8|fdcc8400|       0|       0|       0|       0|       0|       0|    fffc|       0|
|    187 | I23    | I22    |  ....  |  ....  |  ....  |       0|  140000|       0|       a|       0|       8|       8|fdcc8400|       0|       0|       0|       0|       0|       0|    fffc|       0|
|    188 | I24    | I23    | I22    |  ....  |  ....  |       0|  140000|       0|       a|       0|       8|       8|fdcc8400|       0|       0|       0|       0|       0|       0|    fffc|       0|
|    189 | I25    | I24    | I23    | I22    |  ....  |       0|  140000|       0|       a|       0|       8|       8|fdcc8400|       0|       0|       0|       0|       0|       0|    fffc|       0|
|    190 | I25    | I24    |  ....  | I23    | I22    |       0|  140000|       0|       a|       0|       8|       8|fdcc8400|       0|       0|       0|       0|       0|       0|    fffc|       0|
|    191 | I25    | I24    |  ....  |  ....  | I23    |       0|  140000|       0|       a|       0|       8|       8|fdcc8400|       0|       0|       0|       0|       0|       0|    fffc|       0|
|    192 | I25    | I24    |  ....  |  ....  |  ....  |       0|  140000|       0|       a|       0|       8|       8|fdcc8400|       0|       0|       0|       0|       0|       0|    fffc|       0|
|    193 | I26    | I25    | I24    |  ....  |  ....  |       0|  140000|       0|       a|       0|       8|       8|fdcc8400|       0|       0|       0|       0|       0|       0|    fffc|       0|
|    194 | I27    | I26    | I25    | I24    |  ....  |       0|  140000|       0|       a|       0|       8|       8|fdcc8400|       0|       0|       0|       0|       0|       0|    fffc|       0|
|    195 | I27    | I26    |  ....  | I25    | I24    |       0|  140000|       0|       a|       0|       8|       8|fdcc8400|       0|       0|       0|       0|       0|       0|    fffc|       0|
|    196 | I27    | I26    |  ....  |  ....  | I25    |       0|  140000|       0|       a|       0|       8|       8|fdcc8400|       0|       0|       0|       0|       0|       0|    fffc|       0|
|    197 | I27    | I26    |  ....  |  ....  |  ....  |  140000|  140000|       0|       a|       0|       8|       8|fdcc8400|       0|       0|       0|       0|       0|       0|    fffc|       0|
|    198 | I28    | I27    | I26    |  ....  |  ....  |  140000|  140000|       0|       a|       0|       8|       8|fdcc8400|       0|       0|       0|       0|       0|       0|    fffc|       0|
|    199 | I29    | I28    | I27    | I26    |  ....  |  140000|  140000|       0|       a|       0|       8|       8|fdcc8400|       0|       0|       0|       0|       0|       0|    fffc|       0|
|    200 | I29    | I28    |  ....  | I27    | I26    |  140000|  140000|       0|       a|       0|       8|       8|fdcc8400|       0|       0|       0|       0|       0|       0|    fffc|       0|
|    201 | I29    | I28    |  ....  |  ....  | I27    |  140000|  140000|       0|       a|       0|       8|       8|fdcc8400|       0|       0|       0|       0|       0|       0|    fffc|       0|
|    202 | I29    | I28    |  ....  |  ....  |  ....  |  140000|  140000|       0|       a|       0|       8|       8|fdcc8400|       0|       0|       0|       0|       0|       0|    ffb4|       0|
|    203 | I30    | I29    | I28    |  ....  |  ....  |  140000|  140000|       0|       a|       0|       8|       8|fdcc8400|       0|       0|       0|       0|       0|       0|    ffb4|       0|
|    204 | I30    | I29    |  ....  | I28    |  ....  |  140000|  140000|       0|       a|       0|       8|       8|fdcc8400|       0|       0|       0|       0|       0|       0|    ffb4|       0|
|    205 | I30    | I29    |  ....  |  ....  | I28    |  140000|  140000|       0|       a|       0|       8|       8|fdcc8400|       0|       0|       0|       0|       0|       0|    ffb4|       0|
|    206 | I30    | I29    |  ....  |  ....  |  ....  |  140000|  140000|       0|       a|       0|       8|       8|fdcc8400|       0|       0|       0|       0|       0|       0|    fffc|       0|
|    207 | I31    | I30    | I29    |  ....  |  ....  |  140000|  140000|       0|       a|       0|       8|       8|fdcc8400|       0|       0|       0|       0|       0|       0|    fffc|       0|
|    208 | I32    | I31    | I30    | I29    |  ....  |  140000|  140000|       0|       a|       0|       8|       8|fdcc8400|       0|       0|       0|       0|       0|       0|    fffc|       0|
|    209 | I33    | I32    | I31    | I30    | I29    |  140000|  140000|       0|       a|       0|       8|       8|fdcc8400|       0|       0|       0|       0|       0|       0|    fffc|       0|
|    210 | I34    | I33    | I32    | I31    | I30    |  140000|  140000|       0|       a|       0|       8|       8|fdcc8400|       0|       0|       0|       0|       0|       0|    fffc|       0|
|    211 | I35    | I34    | I33    | I32    | I31    |       0|  140000|       0|       a|       0|       8|       8|fdcc8400|       0|       0|       0|       0|       0|       0|    fffc|       0|
|    212 | I36    | I35    | I34    | I33    | I32    |       0|  140000|       0|       a|       0|       8|       8|fdcc8400|       0|       0|       0|       0|       0|       0|    fffc|       0|
|    213 | I37    | I36    | I35    | I34    | I33    |       0|  140000|       0|       a|       0|       8|       8|fdcc8400|       0|       0|       0|       0|       0|       0|    fffc|       0|
|    214 | I38    | I37    | I36    | I35    | I34    |       0|  140000|       0|       a|       0|       8|       8|fdcc8400|       0|       0|       0|       0|       0|       0|    fffc|       0|
|    215 | I39    | I38    | I37    | I36    | I35    |       0|  140000|       0|       a|       0|       8|       8|fdcc8400|       0|       0|       0|       0|       0|       0|    fffc|       0|
|    216 | I40    | I39    | I38    | I37    | I36    |       0|  140000|       0|       a|       0|       8|       8|fdcc8400|       0|       0|       0|       0|       0|       0|    fffc|       0|
|    217 | I41    | I40    | I39    | I38    | I37    |       0|  140000|       0|       a|       0|       8|       8|fdcc8400|       0|       0|       0|       0|       0|       0|    fffc|       0|
|    218 | I42    | I41    | I40    | I39    | I38    |       0|  140000|       0|       a|       0|       8|       8|fdcc8400|       0|       0|       0|       0|       0|       0|    fffc|       0|
|    219 | I43    | I42    | I41    | I40    | I39    |       0|  140000|       0|       a|       0|       8|       8|fdcc8400|       0|       0|       0|       0|       0|       0|    fffc|       0|
|    220 | I44    | I43    | I42    | I41    | I40    |       0|  140000|       0|       a|       0|       8|       8|fdcc8400|       0|       0|       0|       0|       0|       0|    fffc|       0|
|    221 | I45    | I44    | I43    | I42    | I41    |       0|  140000|       0|       a|       0|       8|       8|fdcc8400|       0|       0|       0|       0|       0|       0|    fffc|       0|
|    222 | I46    | I45    | I44    | I43    | I42    |       0|  140000|       0|       a|       0|       8|       8|fdcc8400|       0|       0|       0|       0|       0|       0|    fffc|       0|
|    223 | I47    | I46    | I45    | I44    | I43    |       0|  140000|       0|       a|       0|       8|       8|fdcc8400|       0|       0|       0|       0|       0|       0|    fffc|       0|
|    224 | I48    | I47    | I46    | I45    | I44    |       0|  140000|       0|       a|       0|       8|       8|fdcc8400|       0|       0|       0|       0|       0|       0|    fffc|       0|
|    225 | I99    |  ....  |  ....  | I46    | I45    |       0|  140000|       0|       a|       0|       8|       8|fdcc8400|       0|       0|       0|       0|       0|       0|    fffc|       0|
|    226 |  ....  | I99    |  ....  |  ....  | I46    |       0|  140000|       0|       a|       0|       8|       8|fdcc8400|       0|       0|       0|       0|       0|       0|       0|       0|
|    227 |  ....  |  ....  | I99    |  ....  |  ....  |       0|  140000|       0|       a|       0|       8|       8|fdcc8400|       0|       0|       0|       0|       0|       0|       0|       0|
|    228 | I2     |  ....  |  ....  | I99    |  ....  |       0|  140000|       0|       a|       0|       8|       8|fdcc8400|       0|       0|       0|       0|       0|       0|       0|       0|
|    229 | I3     | I2     |  ....  |  ....  | I99    |       0|  140000|       0|       a|       0|       8|       8|fdcc8400|       0|       0|       0|       0|       0|       0|       0|       0|
|    230 | I4     | I3     | I2     |  ....  |  ....  |       0|  140000|       0|       a|       0|       8|       8|fdcc8400|       0|       0|       0|       0|       0|       0|       0|       0|
|    231 | I4     |  ....  |  ....  | I2     |  ....  |       0|  140000|       0|       a|       0|       8|       8|fdcc8400|       0|       0|       0|       0|       0|       0|       0|       0|
|    232 | I5     | I4     |  ....  |  ....  | I2     |       0|  140000|       0|       a|       0|       8|       8|fdcc8400|       0|       0|       0|       0|       0|       0|       0|       0|
|    233 | I6     | I5     | I4     |  ....  |  ....  |       0|  140000|       0|       a|       0|       8|       8|fdcc8400|       0|       0|       0|       0|       0|       0|       0|       0|
|    234 | I7     | I6     | I5     | I4     |  ....  |       0|  140000|       0|       a|       0|       8|       8|fdcc8400|       0|       0|       0|       0|       0|       0|       0|       0|
|    235 | I7     | I6     |  ....  | I5     | I4     |       0|  140000|       0|       a|       0|       8|       8|fdcc8400|       0|       0|       0|       0|       0|       0|       0|       0|
|    236 | I7     | I6     |  ....  |  ....  | I5     |       0|  140000|       0|       a|       0|       8|       8|fdcc8400|       0|       0|       0|       0|       0|       0|       0|       0|
|    237 | I7     | I6     |  ....  |  ....  |  ....  |       0|  140000|       0|       a|       0|       8|       8|fdcc8400|       0|       0|       0|       0|       0|       0|    fffc|       0|
|    238 | I8     | I7     | I6     |  ....  |  ....  |       0|  140000|       0|       a|       0|       8|       8|fdcc8400|       0|       0|       0|       0|       0|       0|    fffc|       0|
|    239 | I9     | I8     | I7     | I6     |  ....  |       0|  140000|       0|       a|       0|       8|       8|fdcc8400|       0|       0|       0|       0|       0|       0|    fffc|       0|
|    240 | I10    | I9     | I8     | I7     | I6     |       0|  140000|       0|       a|       0|       8|       8|fdcc8400|       0|       0|       0|       0|       0|       0|    fffc|       0|
|    241 | I11    | I10    | I9     | I8     | I7     |       0|  140000|       0|       a|       0|       8|       8|fdcc8400|       0|       0|       0|       0|       0|       0|    fffc|       0|
|    242 | I12    | I11    | I10    | I9     | I8     |       0|  140000|       0|       a|       0|       8|       8|fdcc8400|       0|       0|       0|       0|       0|       0|    fffc|       0|
|    243 | I13    | I12    | I11    | I10    | I9     |       0|  140000|       0|       a|       0|       8|       8|fdcc8400|       0|       0|       0|       0|       0|       0|    fffc|       0|
|    244 | I14    | I13    | I12    | I11    | I10    |       0|  140000|       0|       a|       0|       8|       8|fdcc8400|       0|       0|       0|       0|       0|       0|    fffc|       0|
|    245 | I15    | I14    | I13    | I12    | I11    |       0|  140000|       0|       a|       0|       8|       8|fdcc8400|       0|       0|       0|       0|       0|       0|    fffc|       0|
|    246 | I16    | I15    | I14    | I13    | I12    |       0|  140000|       0|       a|       0|       8|       8|fdcc8400|       0|       0|       0|       0|       0|       0|    fffc|       0|
|    247 | I17    | I16    | I15    | I14    | I13    |       0|  140000|       0|       a|       0|       8|       8|fdcc8400|       0|       0|       0|       0|       0|       0|    fffc|       0|
|    248 | I18    | I17    | I16    | I15    | I14    |       0|  140000|       0|       a|       0|       8|       8|fdcc8400|       0|       0|       0|       0|       0|       0|    fffc|       0|
|    249 | I19    | I18    | I17    | I16    | I15    |       0|  140000|       0|       a|       0|       8|       8|fdcc8400|       0|       0|       0|       0|       0|       0|    fffc|       0|
|    250 | I20    | I19    | I18    | I17    | I16    |       0|  140000|       0|       a|       0|       8|       8|fdcc8400|       0|       0|       0|       0|       0|       0|    fffc|       0|
|    251 | I21    | I20    | I19    | I18    | I17    |       0|  140000|       0|       a|       0|       8|       8|fdcc8400|       0|       0|       0|       0|       0|       0|    fffc|       0|
|    252 | I22    | I21    | I20    | I19    | I18    |       0|  140000|       0|       a|       0|       8|       8|fdcc8400|       0|       0|       0|       0|       0|       0|    fffc|       0|
|    253 | I23    | I22    | I21    | I20    | I19    |       0|  140000|       0|       a|       0|       8|       8|fdcc8400|       0|       0|       0|       0|       0|       0|    fffc|       0|
|    254 | I23    | I22    |  ....  | I21    | I20    |       0|  140000|       0|       a|       0|       8|       8|fdcc8400|       0|       0|       0|       0|       0|       0|    fffc|       0|
|    255 | I23    | I22    |  ....  |  ....  | I21    |       0|  140000|       0|       a|       0|       8|       8|fdcc8400|       0|       0|       0|       0|       0|       0|    fffc|       0|
|    256 | I23    | I22    |  ....  |  ....  |  ....  |       0|  140000|       0|       a|       0|       8|       8|fdcc8400|       0|       0|       0|       0|       0|       0|    fffc|       0|
|    257 | I24    | I23    | I22    |  ....  |  ....  |       0|  140000|       0|       a|       0|       8|       8|fdcc8400|       0|       0|       0|       0|       0|       0|    fffc|       0|
|    258 | I25    | I24    | I23    | I22    |  ....  |       0|  140000|       0|       a|       0|       8|       8|fdcc8400|       0|       0|       0|       0|       0|       0|    fffc|       0|
|    259 | I25    | I24    |  ....  | I23    | I22    |       0|  140000|       0|       a|       0|       8|       8|fdcc8400|       0|       0|       0|       0|       0|       0|    fffc|       0|
|    260 | I25    | I24    |  ....  |  ....  | I23    |       0|  140000|       0|       a|       0|       8|       8|fdcc8400|       0|       0|       0|       0|       0|       0|    fffc|       0|
|    261 | I25    | I24    |  ....  |  ....  |  ....  |       0|  140000|       0|       a|       0|       8|       8|fdcc8400|       0|       0|       0|       0|       0|       0|    fffc|       0|
|    262 | I26    | I25    | I24    |  ....  |  ....  |       0|  140000|       0|       a|       0|       8|       8|fdcc8400|       0|       0|       0|       0|       0|       0|    fffc|       0|
|    263 | I27    | I26    | I25    | I24    |  ....  |       0|  140000|       0|       a|       0|       8|       8|fdcc8400|       0|       0|       0|       0|       0|       0|    fffc|       0|
|    264 | I27    | I26    |  ....  | I25    | I24    |       0|  140000|       0|       a|       0|       8|       8|fdcc8400|       0|       0|       0|       0|       0|       0|    fffc|       0|
|    265 | I27    | I26    |  ....  |  ....  | I25    |       0|  140000|       0|       a|       0|       8|       8|fdcc8400|       0|       0|       0|       0|       0|       0|    fffc|       0|
|    266 | I27    | I26    |  ....  |  ....  |  ....  |  140000|  140000|       0|       a|       0|       8|       8|fdcc8400|       0|       0|       0|       0|       0|       0|    fffc|       0|
|    267 | I28    | I27    | I26    |  ....  |  ....  |  140000|  140000|       0|       a|       0|       8|       8|fdcc8400|       0|       0|       0|       0|       0|       0|    fffc|       0|
|    268 | I29    | I28    | I27    | I26    |  ....  |  140000|  140000|       0|       a|       0|       8|       8|fdcc8400|       0|       0|       0|       0|       0|       0|    fffc|       0|
|    269 | I29    | I28    |  ....  | I27    | I26    |  140000|  140000|       0|       a|       0|       8|       8|fdcc8400|       0|       0|       0|       0|       0|       0|    fffc|       0|
|    270 | I29    | I28    |  ....  |  ....  | I27    |  140000|  140000|       0|       a|       0|       8|       8|fdcc8400|       0|       0|       0|       0|       0|       0|    fffc|       0|
|    271 | I29    | I28    |  ....  |  ....  |  ....  |  140000|  140000|       0|       a|       0|       8|       8|fdcc8400|       0|       0|       0|       0|       0|       0|    ffb4|       0|
|    272 | I30    | I29    | I28    |  ....  |  ....  |  140000|  140000|       0|       a|       0|       8|       8|fdcc8400|       0|       0|       0|       0|       0|       0|    ffb4|       0|
|    273 | I30    | I29    |  ....  | I28    |  ....  |  140000|  140000|       0|       a|       0|       8|       8|fdcc8400|       0|       0|       0|       0|       0|       0|    ffb4|       0|
|    274 | I30    | I29    |  ....  |  ....  | I28    |  140000|  140000|       0|       a|       0|       8|       8|fdcc8400|       0|       0|       0|       0|       0|       0|    ffb4|       0|
|    275 | I30    | I29    |  ....  |  ....  |  ....  |  140000|  140000|       0|       a|       0|       8|       8|fdcc8400|       0|       0|       0|       0|       0|       0|    fffc|       0|
|    276 | I31    | I30    | I29    |  ....  |  ....  |  140000|  140000|       0|       a|       0|       8|       8|fdcc8400|       0|       0|       0|       0|       0|       0|    fffc|       0|
|    277 | I32    | I31    | I30    | I29    |  ....  |  140000|  140000|       0|       a|       0|       8|       8|fdcc8400|       0|       0|       0|       0|       0|       0|    fffc|       0|
|    278 | I33    | I32    | I31    | I30    | I29    |  140000|  140000|       0|       a|       0|       8|       8|fdcc8400|       0|       0|       0|       0|       0|       0|    fffc|       0|
|    279 | I34    | I33    | I32    | I31    | I30    |  140000|  140000|       0|       a|       0|       8|       8|fdcc8400|       0|       0|       0|       0|       0|       0|    fffc|       0|
|    280 | I35    | I34    | I33    | I32    | I31    |       0|  140000|       0|       a|       0|       8|       8|fdcc8400|       0|       0|       0|       0|       0|       0|    fffc|       0|
|    281 | I36    | I35    | I34    | I33    | I32    |       0|  140000|       0|       a|       0|       8|       8|fdcc8400|       0|       0|       0|       0|       0|       0|    fffc|       0|
|    282 | I37    | I36    | I35    | I34    | I33    |       0|  140000|       0|       a|       0|       8|       8|fdcc8400|       0|       0|       0|       0|       0|       0|    fffc|       0|
|    283 | I38    | I37    | I36    | I35    | I34    |       0|  140000|       0|       a|       0|       8|       8|fdcc8400|       0|       0|       0|       0|       0|       0|    fffc|       0|
|    284 | I39    | I38    | I37    | I36    | I35    |       0|  140000|       0|       a|       0|       8|       8|fdcc8400|       0|       0|       0|       0|       0|       0|    fffc|       0|
|    285 | I40    | I39    | I38    | I37    | I36    |       0|  140000|       0|       a|       0|       8|       8|fdcc8400|       0|       0|       0|       0|       0|       0|    fffc|       0|
|    286 | I41    | I40    | I39    | I38    | I37    |       0|  140000|       0|       a|       0|       8|       8|fdcc8400|       0|       0|       0|       0|       0|       0|    fffc|       0|
|    287 | I42    | I41    | I40    | I39    | I38    |       0|  140000|       0|       a|       0|       8|       8|fdcc8400|       0|       0|       0|       0|       0|       0|    fffc|       0|
|    288 | I43    | I42    | I41    | I40    | I39    |       0|  140000|       0|       a|       0|       8|       8|fdcc8400|       0|       0|       0|       0|       0|       0|    fffc|       0|
|    289 | I44    | I43    | I42    | I41    | I40    |       0|  140000|       0|       a|       0|       8|       8|fdcc8400|       0|       0|       0|       0|       0|       0|    fffc|       0|
|    290 | I45    | I44    | I43    | I42    | I41    |       0|  140000|       0|       a|       0|       8|       8|fdcc8400|       0|       0|       0|       0|       0|       0|    fffc|       0|
|    291 | I46    | I45    | I44    | I43    | I42    |       0|  140000|       0|       a|       0|       8|       8|fdcc8400|       0|       0|       0|       0|       0|       0|    fffc|       0|
|    292 | I47    | I46    | I45    | I44    | I43    |       0|  140000|       0|       a|       0|       8|       8|fdcc8400|       0|       0|       0|       0|       0|       0|    fffc|       0|
|    293 | I48    | I47    | I46    | I45    | I44    |       0|  140000|       0|       a|       0|       8|       8|fdcc8400|       0|       0|       0|       0|       0|       0|    fffc|       0|
|    294 |  ....  |  ....  |  ....  | I46    | I45    |       0|  140000|       0|       a|       0|       8|       8|fdcc8400|       0|       0|       0|       0|       0|       0|    fffc|       0|
|    295 |  ....  |  ....  |  ....  |  ....  | I46    |       0|  140000|       0|       a|       0|       8|       8|fdcc8400|       0|       0|       0|       0|       0|       0|       0|       0|
+--------+--------+--------+--------+--------+--------+--------+--------+--------+--------+--------+--------+--------+--------+--------+--------+--------+--------+--------+--------+--------+--------+
|           Register Values at Termination            |       0|  140000|       0|       a|       0|       8|       8|fdcc8400|       0|       0|       0|       0|       0|       0|       0|       0|
+--------+--------+--------+--------+--------+--------+--------+--------+--------+--------+--------+--------+--------+--------+--------+--------+--------+--------+--------+--------+--------+--------+
